Unity Editor version:    2021.3.1f1 (3b70a0754835)
Branch:                  2021.3/staging
Build type:              Release
Batch mode:              YES
macOS version:           Version 12.3.1 (Build 21E258)
Darwin version:          21.4.0
Architecture:            arm64
Running under Rosetta:   NO
Available memory:        32768 MB
Using pre-set license
Pro License: YES

COMMAND LINE ARGUMENTS:
/Applications/Unity/Hub/Editor/2021.3.1f1/Unity.app/Contents/MacOS/Unity
-adb2
-batchMode
-noUpm
-name
AssetImportWorker0
-projectPath
/Users/andrewfriedman/Repos/temp/Ticon
-logFile
Logs/AssetImportWorker0.log
-srvPort
61849
Successfully changed project path to: /Users/andrewfriedman/Repos/temp/Ticon
/Users/andrewfriedman/Repos/temp/Ticon
[UnityMemory] Configuration Parameters - Can be set up in boot.config
    "memorysetup-bucket-allocator-granularity=16"
    "memorysetup-bucket-allocator-bucket-count=8"
    "memorysetup-bucket-allocator-block-size=33554432"
    "memorysetup-bucket-allocator-block-count=8"
    "memorysetup-main-allocator-block-size=16777216"
    "memorysetup-thread-allocator-block-size=16777216"
    "memorysetup-gfx-main-allocator-block-size=16777216"
    "memorysetup-gfx-thread-allocator-block-size=16777216"
    "memorysetup-cache-allocator-block-size=4194304"
    "memorysetup-typetree-allocator-block-size=2097152"
    "memorysetup-profiler-bucket-allocator-granularity=16"
    "memorysetup-profiler-bucket-allocator-bucket-count=8"
    "memorysetup-profiler-bucket-allocator-block-size=33554432"
    "memorysetup-profiler-bucket-allocator-block-count=8"
    "memorysetup-profiler-allocator-block-size=16777216"
    "memorysetup-profiler-editor-allocator-block-size=1048576"
    "memorysetup-temp-allocator-size-main=16777216"
    "memorysetup-job-temp-allocator-block-size=2097152"
    "memorysetup-job-temp-allocator-block-size-background=1048576"
    "memorysetup-job-temp-allocator-reduction-small-platforms=262144"
    "memorysetup-temp-allocator-size-background-worker=32768"
    "memorysetup-temp-allocator-size-job-worker=262144"
    "memorysetup-temp-allocator-size-preload-manager=33554432"
    "memorysetup-temp-allocator-size-nav-mesh-worker=65536"
    "memorysetup-temp-allocator-size-audio-worker=65536"
    "memorysetup-temp-allocator-size-cloud-worker=32768"
    "memorysetup-temp-allocator-size-gi-baking-worker=262144"
    "memorysetup-temp-allocator-size-gfx=262144"
Refreshing native plugins compatible for Editor in 30.33 ms, found 2 plugins.
Preloading 0 native plugins for Editor in 0.00 ms.
Initialize engine version: 2021.3.1f1 (3b70a0754835)
[Subsystems] Discovering subsystems at path /Applications/Unity/Hub/Editor/2021.3.1f1/Unity.app/Contents/Resources/UnitySubsystems
[Subsystems] Discovering subsystems at path /Users/andrewfriedman/Repos/temp/Ticon/Assets
GfxDevice: creating device client; threaded=0; jobified=0
 preferred device: Apple M1 Pro (high power)
Metal devices available: 1
0: Apple M1 Pro (high power)
Using device Apple M1 Pro (high power)
Initializing Metal device caps: Apple M1 Pro
Initialize mono
Mono path[0] = '/Applications/Unity/Hub/Editor/2021.3.1f1/Unity.app/Contents/Managed'
Mono path[1] = '/Applications/Unity/Hub/Editor/2021.3.1f1/Unity.app/Contents/MonoBleedingEdge/lib/mono/unityjit-macos'
Mono config path = '/Applications/Unity/Hub/Editor/2021.3.1f1/Unity.app/Contents/MonoBleedingEdge/etc'
Using monoOptions --debugger-agent=transport=dt_socket,embedding=1,server=y,suspend=n,address=127.0.0.1:56894
Begin MonoManager ReloadAssembly
Registering precompiled unity dll's ...
Register platform support module: /Applications/Unity/Hub/Editor/2021.3.1f1/PlaybackEngines/WebGLSupport/UnityEditor.WebGL.Extensions.dll
Register platform support module: /Applications/Unity/Hub/Editor/2021.3.1f1/Unity.app/Contents/PlaybackEngines/MacStandaloneSupport/UnityEditor.OSXStandalone.Extensions.dll
Register platform support module: /Applications/Unity/Hub/Editor/2021.3.1f1/PlaybackEngines/AndroidPlayer/UnityEditor.Android.Extensions.dll
Register platform support module: /Applications/Unity/Hub/Editor/2021.3.1f1/PlaybackEngines/iOSSupport/UnityEditor.iOS.Extensions.dll
Register platform support module: /Applications/Unity/Hub/Editor/2021.3.1f1/PlaybackEngines/AppleTVSupport/UnityEditor.AppleTV.Extensions.dll
Register platform support module: /Applications/Unity/Hub/Editor/2021.3.1f1/PlaybackEngines/WindowsStandaloneSupport/UnityEditor.WindowsStandalone.Extensions.dll
Register platform support module: /Applications/Unity/Hub/Editor/2021.3.1f1/PlaybackEngines/LinuxStandaloneSupport/UnityEditor.LinuxStandalone.Extensions.dll
Registered in 0.001087 seconds.
Native extension for LinuxStandalone target not found
Native extension for WindowsStandalone target not found
[usbmuxd] Start listen thread
[usbmuxd] Listen thread started
[usbmuxd] Send listen message
Native extension for AppleTV target not found
Native extension for iOS target not found
Native extension for Android target not found
Native extension for OSXStandalone target not found
Native extension for WebGL target not found
Refreshing native plugins compatible for Editor in 29.12 ms, found 2 plugins.
Preloading 0 native plugins for Editor in 0.00 ms.
Mono: successfully reloaded assembly
- Completed reload, in  0.435 seconds
Domain Reload Profiling:
	ReloadAssembly (435ms)
		BeginReloadAssembly (28ms)
			ExecutionOrderSort (0ms)
			DisableScriptedObjects (0ms)
			BackupInstance (0ms)
			ReleaseScriptingObjects (0ms)
			CreateAndSetChildDomain (0ms)
		EndReloadAssembly (331ms)
			LoadAssemblies (28ms)
			RebuildTransferFunctionScriptingTraits (0ms)
			SetupTypeCache (81ms)
			ReleaseScriptCaches (0ms)
			RebuildScriptCaches (22ms)
			SetupLoadedEditorAssemblies (199ms)
				LogAssemblyErrors (0ms)
				InitializePlatformSupportModulesInManaged (71ms)
				SetLoadedEditorAssemblies (0ms)
				RefreshPlugins (29ms)
				BeforeProcessingInitializeOnLoad (1ms)
				ProcessInitializeOnLoadAttributes (69ms)
				ProcessInitializeOnLoadMethodAttributes (28ms)
				AfterProcessingInitializeOnLoad (0ms)
				EditorAssembliesLoaded (0ms)
			ExecutionOrderSort2 (0ms)
			AwakeInstancesAfterBackupRestoration (0ms)
Platform modules already initialized, skipping
Registering precompiled user dll's ...
Registered in 0.000951 seconds.
Begin MonoManager ReloadAssembly
Symbol file LoadedFromMemory is not a mono symbol file
Native extension for LinuxStandalone target not found
Native extension for WindowsStandalone target not found
Native extension for AppleTV target not found
Native extension for iOS target not found
Native extension for Android target not found
Native extension for OSXStandalone target not found
Native extension for WebGL target not found
Refreshing native plugins compatible for Editor in 0.36 ms, found 2 plugins.
Preloading 0 native plugins for Editor in 0.00 ms.
Package Manager log level set to [2]
Mono: successfully reloaded assembly
- Completed reload, in  0.607 seconds
Domain Reload Profiling:
	ReloadAssembly (607ms)
		BeginReloadAssembly (60ms)
			ExecutionOrderSort (0ms)
			DisableScriptedObjects (4ms)
			BackupInstance (0ms)
			ReleaseScriptingObjects (0ms)
			CreateAndSetChildDomain (20ms)
		EndReloadAssembly (472ms)
			LoadAssemblies (30ms)
			RebuildTransferFunctionScriptingTraits (0ms)
			SetupTypeCache (126ms)
			ReleaseScriptCaches (0ms)
			RebuildScriptCaches (32ms)
			SetupLoadedEditorAssemblies (250ms)
				LogAssemblyErrors (0ms)
				InitializePlatformSupportModulesInManaged (17ms)
				SetLoadedEditorAssemblies (0ms)
				RefreshPlugins (0ms)
				BeforeProcessingInitializeOnLoad (37ms)
				ProcessInitializeOnLoadAttributes (116ms)
				ProcessInitializeOnLoadMethodAttributes (79ms)
				AfterProcessingInitializeOnLoad (1ms)
				EditorAssembliesLoaded (0ms)
			ExecutionOrderSort2 (0ms)
			AwakeInstancesAfterBackupRestoration (2ms)
Platform modules already initialized, skipping
========================================================================
Worker process is ready to serve import requests
Launching external process: /Applications/Unity/Hub/Editor/2021.3.1f1/Unity.app/Contents/Tools/UnityShaderCompiler
Launched and connected shader compiler UnityShaderCompiler after 0.04 seconds
Refreshing native plugins compatible for Editor in 0.34 ms, found 2 plugins.
Preloading 0 native plugins for Editor in 0.00 ms.
Unloading 2177 Unused Serialized files (Serialized files now loaded: 0)
Unloading 55 unused Assets / (44.6 KB). Loaded Objects now: 2616.
Memory consumption went from 178.5 MB to 178.5 MB.
Total: 4.850292 ms (FindLiveObjects: 0.070584 ms CreateObjectMapping: 0.026791 ms MarkObjects: 4.687250 ms  DeleteObjects: 0.064875 ms)

AssetImportParameters requested are different than current active one (requested -> active):
  custom:video-decoder-ogg-theora: a1e56fd34408186e4bbccfd4996cb3dc -> 
  custom:container-muxer-webm: aa71ff27fc2769a1b78a27578f13a17b -> 
  custom:container-demuxer-webm: 4f35f7cbe854078d1ac9338744f61a02 -> 
  custom:video-encoder-webm-vp8: eb34c28f22e8b96e1ab97ce403110664 -> 
  custom:framework-osx-AVFoundation: e770b220cccbd017edd2c1fefb359320 -> 
  custom:audio-encoder-webm-vorbis: bf7c407c2cedff20999df2af8eb42d56 -> 
  custom:container-demuxer-ogg: 62fdf1f143b41e24485cea50d1cbac27 -> 
  custom:video-decoder-webm-vp8: 9c59270c3fd7afecdb556c50c9e8de78 -> 
  custom:audio-decoder-ogg-vorbis: bf7c407c2cedff20999df2af8eb42d56 -> 
========================================================================
Received Import Request.
  Time since last request: 363021.876984 seconds.
  path: Assets/2000px-Skull_and_crossbones_vector.svg.png
  artifactKey: Guid(9d95f4d29755da84aa29d53a8949e357) Importer(815301076,1909f56bfc062723c751e8b465ee728b)
Start importing Assets/2000px-Skull_and_crossbones_vector.svg.png using Guid(9d95f4d29755da84aa29d53a8949e357) Importer(815301076,1909f56bfc062723c751e8b465ee728b)  -> (artifact id: 'ccb98f6bca7fff0b57ec9bbe43b1ea4c') in 0.223727 seconds 
========================================================================
Received Import Request.
  Time since last request: 42.534395 seconds.
  path: Assets/Splash.png
  artifactKey: Guid(4841752ed7676af4193c80dfb1b479a3) Importer(815301076,1909f56bfc062723c751e8b465ee728b)
Start importing Assets/Splash.png using Guid(4841752ed7676af4193c80dfb1b479a3) Importer(815301076,1909f56bfc062723c751e8b465ee728b)  -> (artifact id: 'e6f4c3af83176f9570c897e27810e1ee') in 0.009458 seconds 
========================================================================
Received Import Request.
  Time since last request: 23.055018 seconds.
  path: Assets/Pics/Icon.png
  artifactKey: Guid(61719d35916f4264480b7e03bf14312c) Importer(815301076,1909f56bfc062723c751e8b465ee728b)
Start importing Assets/Pics/Icon.png using Guid(61719d35916f4264480b7e03bf14312c) Importer(815301076,1909f56bfc062723c751e8b465ee728b)  -> (artifact id: '8d9313780c634dbc195fa68708596967') in 0.019792 seconds 
========================================================================
Received Prepare
Registering precompiled user dll's ...
Registered in 0.000740 seconds.
Begin MonoManager ReloadAssembly
Thread 0x17fec7000 may have been prematurely finalized
Symbol file LoadedFromMemory is not a mono symbol file
Native extension for LinuxStandalone target not found
Native extension for WindowsStandalone target not found
Native extension for AppleTV target not found
Native extension for iOS target not found
Native extension for Android target not found
Native extension for OSXStandalone target not found
Native extension for WebGL target not found
Refreshing native plugins compatible for Editor in 0.35 ms, found 2 plugins.
Preloading 0 native plugins for Editor in 0.00 ms.
Mono: successfully reloaded assembly
- Completed reload, in  0.571 seconds
Domain Reload Profiling:
	ReloadAssembly (571ms)
		BeginReloadAssembly (75ms)
			ExecutionOrderSort (0ms)
			DisableScriptedObjects (5ms)
			BackupInstance (0ms)
			ReleaseScriptingObjects (0ms)
			CreateAndSetChildDomain (31ms)
		EndReloadAssembly (438ms)
			LoadAssemblies (30ms)
			RebuildTransferFunctionScriptingTraits (0ms)
			SetupTypeCache (116ms)
			ReleaseScriptCaches (1ms)
			RebuildScriptCaches (30ms)
			SetupLoadedEditorAssemblies (232ms)
				LogAssemblyErrors (0ms)
				InitializePlatformSupportModulesInManaged (22ms)
				SetLoadedEditorAssemblies (0ms)
				RefreshPlugins (0ms)
				BeforeProcessingInitializeOnLoad (36ms)
				ProcessInitializeOnLoadAttributes (101ms)
				ProcessInitializeOnLoadMethodAttributes (72ms)
				AfterProcessingInitializeOnLoad (1ms)
				EditorAssembliesLoaded (0ms)
			ExecutionOrderSort2 (0ms)
			AwakeInstancesAfterBackupRestoration (2ms)
Platform modules already initialized, skipping
Refreshing native plugins compatible for Editor in 1.35 ms, found 2 plugins.
Preloading 0 native plugins for Editor in 0.00 ms.
Unloading 2179 Unused Serialized files (Serialized files now loaded: 0)
Unloading 44 unused Assets / (23.0 KB). Loaded Objects now: 2637.
Memory consumption went from 187.5 MB to 187.5 MB.
Total: 4.305916 ms (FindLiveObjects: 0.066541 ms CreateObjectMapping: 0.025625 ms MarkObjects: 4.199584 ms  DeleteObjects: 0.013583 ms)

AssetImportParameters requested are different than current active one (requested -> active):
  custom:video-decoder-ogg-theora: a1e56fd34408186e4bbccfd4996cb3dc -> 
  custom:container-muxer-webm: aa71ff27fc2769a1b78a27578f13a17b -> 
  custom:container-demuxer-webm: 4f35f7cbe854078d1ac9338744f61a02 -> 
  custom:video-encoder-webm-vp8: eb34c28f22e8b96e1ab97ce403110664 -> 
  custom:framework-osx-AVFoundation: e770b220cccbd017edd2c1fefb359320 -> 
  custom:audio-encoder-webm-vorbis: bf7c407c2cedff20999df2af8eb42d56 -> 
  custom:container-demuxer-ogg: 62fdf1f143b41e24485cea50d1cbac27 -> 
  custom:video-decoder-webm-vp8: 9c59270c3fd7afecdb556c50c9e8de78 -> 
  custom:audio-decoder-ogg-vorbis: bf7c407c2cedff20999df2af8eb42d56 -> 
========================================================================
Received Import Request.
  Time since last request: 25.592190 seconds.
  path: Assets/Pics/2.lined-paper-texture.jpg
  artifactKey: Guid(c4b10869a618e954b82175c11ebf1d3d) Importer(815301076,1909f56bfc062723c751e8b465ee728b)
Start importing Assets/Pics/2.lined-paper-texture.jpg using Guid(c4b10869a618e954b82175c11ebf1d3d) Importer(815301076,1909f56bfc062723c751e8b465ee728b)  -> (artifact id: '4be9e1998296956ed17c576b0d117f56') in 0.076815 seconds 
========================================================================
Received Import Request.
  Time since last request: 0.000053 seconds.
  path: Assets/Materials/6358243773866167411926086205_MONEYYYY.jpg
  artifactKey: Guid(63fedf8059a627e4694d5d29144ded82) Importer(815301076,1909f56bfc062723c751e8b465ee728b)
Start importing Assets/Materials/6358243773866167411926086205_MONEYYYY.jpg using Guid(63fedf8059a627e4694d5d29144ded82) Importer(815301076,1909f56bfc062723c751e8b465ee728b)  -> (artifact id: 'a62a6a727e82e135f82f64f5517bb40c') in 0.026929 seconds 
========================================================================
Received Import Request.
  Time since last request: 0.000045 seconds.
  path: Assets/Materials/Bones0009_1_thumblarge.jpg
  artifactKey: Guid(f4751988ae89ed64888e45f30b0e6aad) Importer(815301076,1909f56bfc062723c751e8b465ee728b)
Start importing Assets/Materials/Bones0009_1_thumblarge.jpg using Guid(f4751988ae89ed64888e45f30b0e6aad) Importer(815301076,1909f56bfc062723c751e8b465ee728b)  -> (artifact id: 'b80f5a08a4c8c8e2f63f127ec5c865bc') in 0.010117 seconds 
========================================================================
Received Import Request.
  Time since last request: 0.000046 seconds.
  path: Assets/Materials/954416-3x2-940x627.jpg
  artifactKey: Guid(6eb63985e0fe08448bdc23720e36e4eb) Importer(815301076,1909f56bfc062723c751e8b465ee728b)
Start importing Assets/Materials/954416-3x2-940x627.jpg using Guid(6eb63985e0fe08448bdc23720e36e4eb) Importer(815301076,1909f56bfc062723c751e8b465ee728b)  -> (artifact id: '27ec52947da6eb10557139eb3aa8f380') in 0.023212 seconds 
========================================================================
Received Import Request.
  Time since last request: 0.000046 seconds.
  path: Assets/Materials/640px--Illusion_movie.ogg.jpg
  artifactKey: Guid(b90a3692085821d42867c34e24e7f7c0) Importer(815301076,1909f56bfc062723c751e8b465ee728b)
Start importing Assets/Materials/640px--Illusion_movie.ogg.jpg using Guid(b90a3692085821d42867c34e24e7f7c0) Importer(815301076,1909f56bfc062723c751e8b465ee728b)  -> (artifact id: '837fed47ad40e8c6a3e095063c83d324') in 0.022438 seconds 
========================================================================
Received Import Request.
  Time since last request: 0.972321 seconds.
  path: Assets/Materials/download (1).png
  artifactKey: Guid(b7d6a59e03603e848a23ba82eacfdc31) Importer(815301076,1909f56bfc062723c751e8b465ee728b)
Start importing Assets/Materials/download (1).png using Guid(b7d6a59e03603e848a23ba82eacfdc31) Importer(815301076,1909f56bfc062723c751e8b465ee728b)  -> (artifact id: '7cc3e57c99e98d6540cf60c2e770ed5d') in 0.015590 seconds 
========================================================================
Received Import Request.
  Time since last request: 0.382338 seconds.
  path: Assets/Materials/e5c9eefb25868d0a56328a5a8e56015f.jpg
  artifactKey: Guid(f0ee2c0801a7e3a4e9c977b36d81def7) Importer(815301076,1909f56bfc062723c751e8b465ee728b)
Start importing Assets/Materials/e5c9eefb25868d0a56328a5a8e56015f.jpg using Guid(f0ee2c0801a7e3a4e9c977b36d81def7) Importer(815301076,1909f56bfc062723c751e8b465ee728b)  -> (artifact id: 'be01e15eec766722b298f0880d695783') in 0.009775 seconds 
========================================================================
Received Import Request.
  Time since last request: 0.000036 seconds.
  path: Assets/Materials/giphy (3).gif
  artifactKey: Guid(2f39fc1eb00901a4fbf98e7e403f1900) Importer(815301076,1909f56bfc062723c751e8b465ee728b)
Start importing Assets/Materials/giphy (3).gif using Guid(2f39fc1eb00901a4fbf98e7e403f1900) Importer(815301076,1909f56bfc062723c751e8b465ee728b)  -> (artifact id: 'bad95f7e23dead8f8a385a783fd8973c') in 0.631059 seconds 
========================================================================
Received Import Request.
  Time since last request: 0.198778 seconds.
  path: Assets/Pics/papir_iroszer.jpg
  artifactKey: Guid(fa9c3c8b359d08f4da0677c5e3833616) Importer(815301076,1909f56bfc062723c751e8b465ee728b)
Start importing Assets/Pics/papir_iroszer.jpg using Guid(fa9c3c8b359d08f4da0677c5e3833616) Importer(815301076,1909f56bfc062723c751e8b465ee728b)  -> (artifact id: 'c91f51f0c6c12567222b49f274748180') in 0.012463 seconds 
========================================================================
Received Import Request.
  Time since last request: 0.000052 seconds.
  path: Assets/Materials/Stone Texture wall large rock grey image.jpg
  artifactKey: Guid(fd95217799e9a664dbe23d2259fd710f) Importer(815301076,1909f56bfc062723c751e8b465ee728b)
Start importing Assets/Materials/Stone Texture wall large rock grey image.jpg using Guid(fd95217799e9a664dbe23d2259fd710f) Importer(815301076,1909f56bfc062723c751e8b465ee728b)  -> (artifact id: '04128c2121ae1d2438102c43cccb9119') in 0.223379 seconds 
========================================================================
Received Import Request.
  Time since last request: 0.040241 seconds.
  path: Assets/Materials/tron_circuitry_by_guynietoren-d5ppfy0.png
  artifactKey: Guid(f41eb7c623064f44ea9c0fe47e9126b9) Importer(815301076,1909f56bfc062723c751e8b465ee728b)
Start importing Assets/Materials/tron_circuitry_by_guynietoren-d5ppfy0.png using Guid(f41eb7c623064f44ea9c0fe47e9126b9) Importer(815301076,1909f56bfc062723c751e8b465ee728b)  -> (artifact id: 'dc74f686e02270d6466e9191cda2e8bf') in 0.054511 seconds 
